<?xml version="1.0" encoding="UTF-8"?>
<!-- Generated by org.testng.reporters.JUnitReportReporter -->
<testsuite hostname="DESKTOP-8ISTNE7" failures="0" tests="1" name="saucedemo.SauceDemo" time="18.969" errors="0" timestamp="28 Feb 2023 06:09:16 GMT" skipped="0">
  <testcase classname="saucedemo.SauceDemo" name="verifyCheckoutFormFunctionality" time="18.969"/>
</testsuite> <!-- saucedemo.SauceDemo -->
