<?xml version="1.0" encoding="UTF-8"?>
<!-- Generated by org.testng.reporters.JUnitReportReporter -->
<testsuite hostname="DESKTOP-8ISTNE7" failures="0" tests="1" name="saucedemo.SauceDemo" time="0.025" errors="0" timestamp="05 Mar 2023 15:00:37 GMT" skipped="0">
  <testcase classname="saucedemo.SauceDemo" name="addition" time="0.025"/>
</testsuite> <!-- saucedemo.SauceDemo -->
